<?xml version="1.0" encoding="UTF-8"?>
<testng-results skipped="0" failed="0" ignored="0" total="1" passed="1">
  <reporter-output>
  </reporter-output>
  <suite name="Default suite" duration-ms="37406" started-at="2022-12-15T21:26:54 IST" finished-at="2022-12-15T21:27:32 IST">
    <groups>
    </groups>
    <test name="Default test" duration-ms="37406" started-at="2022-12-15T21:26:54 IST" finished-at="2022-12-15T21:27:32 IST">
      <class name="Booking">
        <test-method status="PASS" signature="TicketBooking()[pri:0, instance:Booking@76f2b07d]" name="TicketBooking" duration-ms="37361" started-at="2022-12-15T21:26:54 IST" finished-at="2022-12-15T21:27:32 IST">
          <reporter-output>
          </reporter-output>
        </test-method> <!-- TicketBooking -->
      </class> <!-- Booking -->
    </test> <!-- Default test -->
  </suite> <!-- Default suite -->
</testng-results>
