<?xml version="1.0" encoding="UTF-8"?>
<testng-results ignored="0" total="1" passed="1" failed="0" skipped="0">
  <reporter-output>
  </reporter-output>
  <suite started-at="2022-12-12T22:41:27 IST" name="Default suite" finished-at="2022-12-12T22:42:02 IST" duration-ms="35063">
    <groups>
    </groups>
    <test started-at="2022-12-12T22:41:27 IST" name="Default test" finished-at="2022-12-12T22:42:02 IST" duration-ms="35063">
      <class name="Booking">
        <test-method signature="TicketBooking()[pri:0, instance:Booking@1f97cf0d]" started-at="2022-12-12T22:41:27 IST" name="TicketBooking" finished-at="2022-12-12T22:42:02 IST" duration-ms="35024" status="PASS">
          <reporter-output>
          </reporter-output>
        </test-method> <!-- TicketBooking -->
      </class> <!-- Booking -->
    </test> <!-- Default test -->
  </suite> <!-- Default suite -->
</testng-results>
